Warning: You did not specify an output path for your `generator` in schema.prisma. This behavior is deprecated and will no longer be supported in Prisma 7.0.0. To learn more visit https://pris.ly/cli/output-path
â”Œâ”€â”€â”€â”€â”€â”€â”€â”€â”€â”€â”€â”€â”€â”€â”€â”€â”€â”€â”€â”€â”€â”€â”€â”€â”€â”€â”€â”€â”€â”€â”€â”€â”€â”€â”€â”€â”€â”€â”€â”€â”€â”€â”€â”€â”€â”€â”€â”€â”€â”€â”€â”€â”€â”€â”€â”€â”€â”
â”‚  Update available 6.7.0 -> 7.3.0                        â”‚
â”‚                                                         â”‚
â”‚  This is a major update - please follow the guide at    â”‚
â”‚  https://pris.ly/d/major-version-upgrade                â”‚
â”‚                                                         â”‚
â”‚  Run the following to update                            â”‚
â”‚    npm i --save-dev prisma@latest                       â”‚
â”‚    npm i @prisma/client@latest                          â”‚
â””â”€â”€â”€â”€â”€â”€â”€â”€â”€â”€â”€â”€â”€â”€â”€â”€â”€â”€â”€â”€â”€â”€â”€â”€â”€â”€â”€â”€â”€â”€â”€â”€â”€â”€â”€â”€â”€â”€â”€â”€â”€â”€â”€â”€â”€â”€â”€â”€â”€â”€â”€â”€â”€â”€â”€â”€â”€â”˜
[31m[Nest] 7033  - [39m02/11/2026, 8:15:33 AM [31m  ERROR[39m [38;5;3m[NestApplication] [39m[31mError: listen EADDRINUSE: address already in use :::3000[39m[38;5;3m +1ms[39m
node:net:1937
    const ex = new UVExceptionWithHostPort(err, 'listen', address, port);
               ^

Error: listen EADDRINUSE: address already in use :::3000
    at Server.setupListenHandle [as _listen2] (node:net:1937:16)
    at listenInCluster (node:net:1994:12)
    at Server.listen (node:net:2099:7)
    at ExpressAdapter.listen (/opt/hostedapp/node/root/nodejs/node_modules/@nestjs/platform-express/adapters/express-adapter.js:127:32)
    at /opt/hostedapp/node/root/nodejs/node_modules/@nestjs/core/nest-application.js:188:30
    at new Promise (<anonymous>)
    at NestApplication.listen (/opt/hostedapp/node/root/nodejs/node_modules/@nestjs/core/nest-application.js:178:16)
    at async bootstrap (/home/ubuntu/falgoritma/nodejs_space/src/main.ts:56:3) {
  code: 'EADDRINUSE',
  errno: -98,
  syscall: 'listen',
  address: '::',
  port: 3000
}

Node.js v22.14.0
