[2J[3J[H[[90m10:57:57 PM[0m] Starting compilation in watch mode...

[[90m10:58:00 PM[0m] Found 0 errors. Watching for file changes.

[32m[Nest] 1651  - [39m02/10/2026, 10:58:00 PM [32m    LOG[39m [38;5;3m[NestFactory] [39m[32mStarting Nest application...[39m
[32m[Nest] 1651  - [39m02/10/2026, 10:58:00 PM [32m    LOG[39m [38;5;3m[InstanceLoader] [39m[32mAppModule dependencies initialized[39m[38;5;3m +13ms[39m
[32m[Nest] 1651  - [39m02/10/2026, 10:58:00 PM [32m    LOG[39m [38;5;3m[InstanceLoader] [39m[32mPrismaModule dependencies initialized[39m[38;5;3m +0ms[39m
[32m[Nest] 1651  - [39m02/10/2026, 10:58:00 PM [32m    LOG[39m [38;5;3m[InstanceLoader] [39m[32mPassportModule dependencies initialized[39m[38;5;3m +0ms[39m
[32m[Nest] 1651  - [39m02/10/2026, 10:58:00 PM [32m    LOG[39m [38;5;3m[InstanceLoader] [39m[32mConfigHostModule dependencies initialized[39m[38;5;3m +1ms[39m
[32m[Nest] 1651  - [39m02/10/2026, 10:58:00 PM [32m    LOG[39m [38;5;3m[InstanceLoader] [39m[32mConfigModule dependencies initialized[39m[38;5;3m +1ms[39m
[32m[Nest] 1651  - [39m02/10/2026, 10:58:00 PM [32m    LOG[39m [38;5;3m[InstanceLoader] [39m[32mConfigModule dependencies initialized[39m[38;5;3m +0ms[39m
[32m[Nest] 1651  - [39m02/10/2026, 10:58:00 PM [32m    LOG[39m [38;5;3m[InstanceLoader] [39m[32mJwtModule dependencies initialized[39m[38;5;3m +1ms[39m
[32m[Nest] 1651  - [39m02/10/2026, 10:58:00 PM [32m    LOG[39m [38;5;3m[InstanceLoader] [39m[32mSubscriptionsModule dependencies initialized[39m[38;5;3m +1ms[39m
[32m[Nest] 1651  - [39m02/10/2026, 10:58:00 PM [32m    LOG[39m [38;5;3m[InstanceLoader] [39m[32mUsersModule dependencies initialized[39m[38;5;3m +0ms[39m
[32m[Nest] 1651  - [39m02/10/2026, 10:58:00 PM [32m    LOG[39m [38;5;3m[InstanceLoader] [39m[32mCreditsModule dependencies initialized[39m[38;5;3m +0ms[39m
[32m[Nest] 1651  - [39m02/10/2026, 10:58:00 PM [32m    LOG[39m [38;5;3m[InstanceLoader] [39m[32mFortunesModule dependencies initialized[39m[38;5;3m +0ms[39m
[32m[Nest] 1651  - [39m02/10/2026, 10:58:00 PM [32m    LOG[39m [38;5;3m[InstanceLoader] [39m[32mAuthModule dependencies initialized[39m[38;5;3m +0ms[39m
[32m[Nest] 1651  - [39m02/10/2026, 10:58:00 PM [32m    LOG[39m [38;5;3m[RoutesResolver] [39m[32mAuthController {/api/auth}:[39m[38;5;3m +18ms[39m
[32m[Nest] 1651  - [39m02/10/2026, 10:58:00 PM [32m    LOG[39m [38;5;3m[RouterExplorer] [39m[32mMapped {/api/auth/register, POST} route[39m[38;5;3m +2ms[39m
[32m[Nest] 1651  - [39m02/10/2026, 10:58:00 PM [32m    LOG[39m [38;5;3m[RouterExplorer] [39m[32mMapped {/api/auth/login, POST} route[39m[38;5;3m +28ms[39m
[32m[Nest] 1651  - [39m02/10/2026, 10:58:00 PM [32m    LOG[39m [38;5;3m[RouterExplorer] [39m[32mMapped {/api/auth/google, POST} route[39m[38;5;3m +1ms[39m
[32m[Nest] 1651  - [39m02/10/2026, 10:58:00 PM [32m    LOG[39m [38;5;3m[RouterExplorer] [39m[32mMapped {/api/auth/apple, POST} route[39m[38;5;3m +0ms[39m
[32m[Nest] 1651  - [39m02/10/2026, 10:58:00 PM [32m    LOG[39m [38;5;3m[RouterExplorer] [39m[32mMapped {/api/auth/me, GET} route[39m[38;5;3m +0ms[39m
[32m[Nest] 1651  - [39m02/10/2026, 10:58:00 PM [32m    LOG[39m [38;5;3m[RoutesResolver] [39m[32mUsersController {/api/users}:[39m[38;5;3m +0ms[39m
[32m[Nest] 1651  - [39m02/10/2026, 10:58:00 PM [32m    LOG[39m [38;5;3m[RouterExplorer] [39m[32mMapped {/api/users/onboarding, POST} route[39m[38;5;3m +1ms[39m
[32m[Nest] 1651  - [39m02/10/2026, 10:58:00 PM [32m    LOG[39m [38;5;3m[RouterExplorer] [39m[32mMapped {/api/users/profile, GET} route[39m[38;5;3m +0ms[39m
[32m[Nest] 1651  - [39m02/10/2026, 10:58:00 PM [32m    LOG[39m [38;5;3m[RouterExplorer] [39m[32mMapped {/api/users/profile, PATCH} route[39m[38;5;3m +0ms[39m
[32m[Nest] 1651  - [39m02/10/2026, 10:58:00 PM [32m    LOG[39m [38;5;3m[RoutesResolver] [39m[32mFortunesController {/api/fortunes}:[39m[38;5;3m +0ms[39m
[32m[Nest] 1651  - [39m02/10/2026, 10:58:00 PM [32m    LOG[39m [38;5;3m[RouterExplorer] [39m[32mMapped {/api/fortunes, POST} route[39m[38;5;3m +1ms[39m
[32m[Nest] 1651  - [39m02/10/2026, 10:58:00 PM [32m    LOG[39m [38;5;3m[RouterExplorer] [39m[32mMapped {/api/fortunes, GET} route[39m[38;5;3m +0ms[39m
[32m[Nest] 1651  - [39m02/10/2026, 10:58:00 PM [32m    LOG[39m [38;5;3m[RouterExplorer] [39m[32mMapped {/api/fortunes/:id, GET} route[39m[38;5;3m +0ms[39m
[32m[Nest] 1651  - [39m02/10/2026, 10:58:00 PM [32m    LOG[39m [38;5;3m[RoutesResolver] [39m[32mCreditsController {/api/credits}:[39m[38;5;3m +0ms[39m
[32m[Nest] 1651  - [39m02/10/2026, 10:58:00 PM [32m    LOG[39m [38;5;3m[RouterExplorer] [39m[32mMapped {/api/credits/balance, GET} route[39m[38;5;3m +0ms[39m
[32m[Nest] 1651  - [39m02/10/2026, 10:58:00 PM [32m    LOG[39m [38;5;3m[RouterExplorer] [39m[32mMapped {/api/credits/packages, GET} route[39m[38;5;3m +1ms[39m
[32m[Nest] 1651  - [39m02/10/2026, 10:58:00 PM [32m    LOG[39m [38;5;3m[RouterExplorer] [39m[32mMapped {/api/credits/simulate-purchase, POST} route[39m[38;5;3m +0ms[39m
[32m[Nest] 1651  - [39m02/10/2026, 10:58:00 PM [32m    LOG[39m [38;5;3m[RoutesResolver] [39m[32mSubscriptionsController {/api/subscriptions}:[39m[38;5;3m +0ms[39m
[32m[Nest] 1651  - [39m02/10/2026, 10:58:00 PM [32m    LOG[39m [38;5;3m[RouterExplorer] [39m[32mMapped {/api/subscriptions/plans, GET} route[39m[38;5;3m +0ms[39m
[32m[Nest] 1651  - [39m02/10/2026, 10:58:00 PM [32m    LOG[39m [38;5;3m[RouterExplorer] [39m[32mMapped {/api/subscriptions/subscribe, POST} route[39m[38;5;3m +0ms[39m
[32m[Nest] 1651  - [39m02/10/2026, 10:58:00 PM [32m    LOG[39m [38;5;3m[RouterExplorer] [39m[32mMapped {/api/subscriptions/status, GET} route[39m[38;5;3m +0ms[39m
[32m[Nest] 1651  - [39m02/10/2026, 10:58:00 PM [32m    LOG[39m [38;5;3m[RouterExplorer] [39m[32mMapped {/api/subscriptions/cancel, POST} route[39m[38;5;3m +0ms[39m
[32m[Nest] 1651  - [39m02/10/2026, 10:58:00 PM [32m    LOG[39m [38;5;3m[NestApplication] [39m[32mNest application successfully started[39m[38;5;3m +63ms[39m
[32m[Nest] 1651  - [39m02/10/2026, 10:58:00 PM [32m    LOG[39m [38;5;3m[Bootstrap] [39m[32mFalgoritma API running on port 3000[39m
[32m[Nest] 1651  - [39m02/10/2026, 11:02:16 PM [32m    LOG[39m [38;5;3m[AuthService] [39m[32mUser logged in: gmyusuf13@gmail.com[39m
[32m[Nest] 1651  - [39m02/10/2026, 11:03:26 PM [32m    LOG[39m [38;5;3m[FortunesService] [39m[32mCreating fortune for user: 43869be6-092a-4da5-b1ef-04c85b41ff6a[39m
[32m[Nest] 1651  - [39m02/10/2026, 11:03:26 PM [32m    LOG[39m [38;5;3m[LlmService] [39m[32mGenerating fortune for: YUSUF KUATS, photos: 1[39m
[32m[Nest] 1651  - [39m02/10/2026, 11:03:39 PM [32m    LOG[39m [38;5;3m[LlmService] [39m[32mFortune generated successfully for: YUSUF KUATS[39m
[32m[Nest] 1651  - [39m02/10/2026, 11:03:39 PM [32m    LOG[39m [38;5;3m[FortunesService] [39m[32mFortune created: a4c9bf0d-97ee-4350-b361-31b3ebf9afa4, credits deducted[39m
