[2J[3J[H[[90m6:16:50 PM[0m] Starting compilation in watch mode...

[[90m6:16:53 PM[0m] Found 0 errors. Watching for file changes.

[32m[Nest] 1391  - [39m02/10/2026, 6:16:54 PM [32m    LOG[39m [38;5;3m[NestFactory] [39m[32mStarting Nest application...[39m
[32m[Nest] 1391  - [39m02/10/2026, 6:16:54 PM [32m    LOG[39m [38;5;3m[InstanceLoader] [39m[32mAppModule dependencies initialized[39m[38;5;3m +14ms[39m
[32m[Nest] 1391  - [39m02/10/2026, 6:16:54 PM [32m    LOG[39m [38;5;3m[InstanceLoader] [39m[32mPrismaModule dependencies initialized[39m[38;5;3m +0ms[39m
[32m[Nest] 1391  - [39m02/10/2026, 6:16:54 PM [32m    LOG[39m [38;5;3m[InstanceLoader] [39m[32mPassportModule dependencies initialized[39m[38;5;3m +0ms[39m
[32m[Nest] 1391  - [39m02/10/2026, 6:16:54 PM [32m    LOG[39m [38;5;3m[InstanceLoader] [39m[32mConfigHostModule dependencies initialized[39m[38;5;3m +0ms[39m
[32m[Nest] 1391  - [39m02/10/2026, 6:16:54 PM [32m    LOG[39m [38;5;3m[InstanceLoader] [39m[32mConfigModule dependencies initialized[39m[38;5;3m +1ms[39m
[32m[Nest] 1391  - [39m02/10/2026, 6:16:54 PM [32m    LOG[39m [38;5;3m[InstanceLoader] [39m[32mConfigModule dependencies initialized[39m[38;5;3m +0ms[39m
[32m[Nest] 1391  - [39m02/10/2026, 6:16:54 PM [32m    LOG[39m [38;5;3m[InstanceLoader] [39m[32mJwtModule dependencies initialized[39m[38;5;3m +1ms[39m
[32m[Nest] 1391  - [39m02/10/2026, 6:16:54 PM [32m    LOG[39m [38;5;3m[InstanceLoader] [39m[32mUsersModule dependencies initialized[39m[38;5;3m +0ms[39m
[32m[Nest] 1391  - [39m02/10/2026, 6:16:54 PM [32m    LOG[39m [38;5;3m[InstanceLoader] [39m[32mCreditsModule dependencies initialized[39m[38;5;3m +0ms[39m
[32m[Nest] 1391  - [39m02/10/2026, 6:16:54 PM [32m    LOG[39m [38;5;3m[InstanceLoader] [39m[32mFortunesModule dependencies initialized[39m[38;5;3m +0ms[39m
[32m[Nest] 1391  - [39m02/10/2026, 6:16:54 PM [32m    LOG[39m [38;5;3m[InstanceLoader] [39m[32mAuthModule dependencies initialized[39m[38;5;3m +1ms[39m
[32m[Nest] 1391  - [39m02/10/2026, 6:16:54 PM [32m    LOG[39m [38;5;3m[RoutesResolver] [39m[32mAuthController {/api/auth}:[39m[38;5;3m +45ms[39m
[32m[Nest] 1391  - [39m02/10/2026, 6:16:54 PM [32m    LOG[39m [38;5;3m[RouterExplorer] [39m[32mMapped {/api/auth/register, POST} route[39m[38;5;3m +2ms[39m
[32m[Nest] 1391  - [39m02/10/2026, 6:16:54 PM [32m    LOG[39m [38;5;3m[RouterExplorer] [39m[32mMapped {/api/auth/login, POST} route[39m[38;5;3m +0ms[39m
[32m[Nest] 1391  - [39m02/10/2026, 6:16:54 PM [32m    LOG[39m [38;5;3m[RouterExplorer] [39m[32mMapped {/api/auth/google, POST} route[39m[38;5;3m +0ms[39m
[32m[Nest] 1391  - [39m02/10/2026, 6:16:54 PM [32m    LOG[39m [38;5;3m[RouterExplorer] [39m[32mMapped {/api/auth/apple, POST} route[39m[38;5;3m +0ms[39m
[32m[Nest] 1391  - [39m02/10/2026, 6:16:54 PM [32m    LOG[39m [38;5;3m[RouterExplorer] [39m[32mMapped {/api/auth/me, GET} route[39m[38;5;3m +1ms[39m
[32m[Nest] 1391  - [39m02/10/2026, 6:16:54 PM [32m    LOG[39m [38;5;3m[RoutesResolver] [39m[32mUsersController {/api/users}:[39m[38;5;3m +0ms[39m
[32m[Nest] 1391  - [39m02/10/2026, 6:16:54 PM [32m    LOG[39m [38;5;3m[RouterExplorer] [39m[32mMapped {/api/users/onboarding, POST} route[39m[38;5;3m +0ms[39m
[32m[Nest] 1391  - [39m02/10/2026, 6:16:54 PM [32m    LOG[39m [38;5;3m[RouterExplorer] [39m[32mMapped {/api/users/profile, GET} route[39m[38;5;3m +0ms[39m
[32m[Nest] 1391  - [39m02/10/2026, 6:16:54 PM [32m    LOG[39m [38;5;3m[RouterExplorer] [39m[32mMapped {/api/users/profile, PATCH} route[39m[38;5;3m +0ms[39m
[32m[Nest] 1391  - [39m02/10/2026, 6:16:54 PM [32m    LOG[39m [38;5;3m[RoutesResolver] [39m[32mFortunesController {/api/fortunes}:[39m[38;5;3m +0ms[39m
[32m[Nest] 1391  - [39m02/10/2026, 6:16:54 PM [32m    LOG[39m [38;5;3m[RouterExplorer] [39m[32mMapped {/api/fortunes, POST} route[39m[38;5;3m +1ms[39m
[32m[Nest] 1391  - [39m02/10/2026, 6:16:54 PM [32m    LOG[39m [38;5;3m[RouterExplorer] [39m[32mMapped {/api/fortunes, GET} route[39m[38;5;3m +0ms[39m
[32m[Nest] 1391  - [39m02/10/2026, 6:16:54 PM [32m    LOG[39m [38;5;3m[RouterExplorer] [39m[32mMapped {/api/fortunes/:id, GET} route[39m[38;5;3m +0ms[39m
[32m[Nest] 1391  - [39m02/10/2026, 6:16:54 PM [32m    LOG[39m [38;5;3m[RoutesResolver] [39m[32mCreditsController {/api/credits}:[39m[38;5;3m +0ms[39m
[32m[Nest] 1391  - [39m02/10/2026, 6:16:54 PM [32m    LOG[39m [38;5;3m[RouterExplorer] [39m[32mMapped {/api/credits/balance, GET} route[39m[38;5;3m +0ms[39m
[32m[Nest] 1391  - [39m02/10/2026, 6:16:54 PM [32m    LOG[39m [38;5;3m[RouterExplorer] [39m[32mMapped {/api/credits/packages, GET} route[39m[38;5;3m +0ms[39m
[32m[Nest] 1391  - [39m02/10/2026, 6:16:54 PM [32m    LOG[39m [38;5;3m[RouterExplorer] [39m[32mMapped {/api/credits/simulate-purchase, POST} route[39m[38;5;3m +0ms[39m
[32m[Nest] 1391  - [39m02/10/2026, 6:16:54 PM [32m    LOG[39m [38;5;3m[NestApplication] [39m[32mNest application successfully started[39m[38;5;3m +91ms[39m
[32m[Nest] 1391  - [39m02/10/2026, 6:16:54 PM [32m    LOG[39m [38;5;3m[Bootstrap] [39m[32mFalgoritma API running on port 3000[39m
[32m[Nest] 1391  - [39m02/10/2026, 6:18:35 PM [32m    LOG[39m [38;5;3m[AuthService] [39m[32mUser registered: gmyusuf13@gmail.com[39m
[32m[Nest] 1391  - [39m02/10/2026, 6:18:57 PM [32m    LOG[39m [38;5;3m[UsersService] [39m[32mOnboarding completed for user: 43869be6-092a-4da5-b1ef-04c85b41ff6a, awarded 6 credits[39m
[32m[Nest] 1391  - [39m02/10/2026, 6:21:11 PM [32m    LOG[39m [38;5;3m[CreditsService] [39m[32mSimulated purchase: User 43869be6-092a-4da5-b1ef-04c85b41ff6a bought Mini (+6 credits)[39m
[32m[Nest] 1391  - [39m02/10/2026, 6:21:12 PM [32m    LOG[39m [38;5;3m[CreditsService] [39m[32mSimulated purchase: User 43869be6-092a-4da5-b1ef-04c85b41ff6a bought Mini (+6 credits)[39m
[32m[Nest] 1391  - [39m02/10/2026, 6:21:14 PM [32m    LOG[39m [38;5;3m[CreditsService] [39m[32mSimulated purchase: User 43869be6-092a-4da5-b1ef-04c85b41ff6a bought Standart (+12 credits)[39m
[32m[Nest] 1391  - [39m02/10/2026, 6:25:46 PM [32m    LOG[39m [38;5;3m[AuthService] [39m[32mUser logged in: gmyusuf13@gmail.com[39m
[32m[Nest] 1391  - [39m02/10/2026, 6:25:56 PM [32m    LOG[39m [38;5;3m[CreditsService] [39m[32mSimulated purchase: User 43869be6-092a-4da5-b1ef-04c85b41ff6a bought Power (+30 credits)[39m
[2J[3J[H[[90m6:27:34 PM[0m] File change detected. Starting incremental compilation...

[[90m6:27:34 PM[0m] Found 0 errors. Watching for file changes.

[32m[Nest] 1739  - [39m02/10/2026, 6:27:34 PM [32m    LOG[39m [38;5;3m[NestFactory] [39m[32mStarting Nest application...[39m
[32m[Nest] 1739  - [39m02/10/2026, 6:27:34 PM [32m    LOG[39m [38;5;3m[InstanceLoader] [39m[32mAppModule dependencies initialized[39m[38;5;3m +10ms[39m
[32m[Nest] 1739  - [39m02/10/2026, 6:27:34 PM [32m    LOG[39m [38;5;3m[InstanceLoader] [39m[32mPrismaModule dependencies initialized[39m[38;5;3m +0ms[39m
[32m[Nest] 1739  - [39m02/10/2026, 6:27:34 PM [32m    LOG[39m [38;5;3m[InstanceLoader] [39m[32mPassportModule dependencies initialized[39m[38;5;3m +0ms[39m
[32m[Nest] 1739  - [39m02/10/2026, 6:27:34 PM [32m    LOG[39m [38;5;3m[InstanceLoader] [39m[32mConfigHostModule dependencies initialized[39m[38;5;3m +0ms[39m
[32m[Nest] 1739  - [39m02/10/2026, 6:27:34 PM [32m    LOG[39m [38;5;3m[InstanceLoader] [39m[32mConfigModule dependencies initialized[39m[38;5;3m +1ms[39m
[32m[Nest] 1739  - [39m02/10/2026, 6:27:34 PM [32m    LOG[39m [38;5;3m[InstanceLoader] [39m[32mConfigModule dependencies initialized[39m[38;5;3m +1ms[39m
[32m[Nest] 1739  - [39m02/10/2026, 6:27:34 PM [32m    LOG[39m [38;5;3m[InstanceLoader] [39m[32mJwtModule dependencies initialized[39m[38;5;3m +0ms[39m
[32m[Nest] 1739  - [39m02/10/2026, 6:27:34 PM [32m    LOG[39m [38;5;3m[InstanceLoader] [39m[32mUsersModule dependencies initialized[39m[38;5;3m +1ms[39m
[32m[Nest] 1739  - [39m02/10/2026, 6:27:34 PM [32m    LOG[39m [38;5;3m[InstanceLoader] [39m[32mCreditsModule dependencies initialized[39m[38;5;3m +0ms[39m
[32m[Nest] 1739  - [39m02/10/2026, 6:27:34 PM [32m    LOG[39m [38;5;3m[InstanceLoader] [39m[32mFortunesModule dependencies initialized[39m[38;5;3m +0ms[39m
[32m[Nest] 1739  - [39m02/10/2026, 6:27:34 PM [32m    LOG[39m [38;5;3m[InstanceLoader] [39m[32mAuthModule dependencies initialized[39m[38;5;3m +0ms[39m
[32m[Nest] 1739  - [39m02/10/2026, 6:27:34 PM [32m    LOG[39m [38;5;3m[RoutesResolver] [39m[32mAuthController {/api/auth}:[39m[38;5;3m +13ms[39m
[32m[Nest] 1739  - [39m02/10/2026, 6:27:34 PM [32m    LOG[39m [38;5;3m[RouterExplorer] [39m[32mMapped {/api/auth/register, POST} route[39m[38;5;3m +1ms[39m
[32m[Nest] 1739  - [39m02/10/2026, 6:27:34 PM [32m    LOG[39m [38;5;3m[RouterExplorer] [39m[32mMapped {/api/auth/login, POST} route[39m[38;5;3m +1ms[39m
[32m[Nest] 1739  - [39m02/10/2026, 6:27:34 PM [32m    LOG[39m [38;5;3m[RouterExplorer] [39m[32mMapped {/api/auth/google, POST} route[39m[38;5;3m +0ms[39m
[32m[Nest] 1739  - [39m02/10/2026, 6:27:34 PM [32m    LOG[39m [38;5;3m[RouterExplorer] [39m[32mMapped {/api/auth/apple, POST} route[39m[38;5;3m +0ms[39m
[32m[Nest] 1739  - [39m02/10/2026, 6:27:34 PM [32m    LOG[39m [38;5;3m[RouterExplorer] [39m[32mMapped {/api/auth/me, GET} route[39m[38;5;3m +0ms[39m
[32m[Nest] 1739  - [39m02/10/2026, 6:27:34 PM [32m    LOG[39m [38;5;3m[RoutesResolver] [39m[32mUsersController {/api/users}:[39m[38;5;3m +0ms[39m
[32m[Nest] 1739  - [39m02/10/2026, 6:27:34 PM [32m    LOG[39m [38;5;3m[RouterExplorer] [39m[32mMapped {/api/users/onboarding, POST} route[39m[38;5;3m +1ms[39m
[32m[Nest] 1739  - [39m02/10/2026, 6:27:34 PM [32m    LOG[39m [38;5;3m[RouterExplorer] [39m[32mMapped {/api/users/profile, GET} route[39m[38;5;3m +0ms[39m
[32m[Nest] 1739  - [39m02/10/2026, 6:27:34 PM [32m    LOG[39m [38;5;3m[RouterExplorer] [39m[32mMapped {/api/users/profile, PATCH} route[39m[38;5;3m +0ms[39m
[32m[Nest] 1739  - [39m02/10/2026, 6:27:34 PM [32m    LOG[39m [38;5;3m[RoutesResolver] [39m[32mFortunesController {/api/fortunes}:[39m[38;5;3m +0ms[39m
[32m[Nest] 1739  - [39m02/10/2026, 6:27:34 PM [32m    LOG[39m [38;5;3m[RouterExplorer] [39m[32mMapped {/api/fortunes, POST} route[39m[38;5;3m +0ms[39m
[32m[Nest] 1739  - [39m02/10/2026, 6:27:34 PM [32m    LOG[39m [38;5;3m[RouterExplorer] [39m[32mMapped {/api/fortunes, GET} route[39m[38;5;3m +0ms[39m
[32m[Nest] 1739  - [39m02/10/2026, 6:27:34 PM [32m    LOG[39m [38;5;3m[RouterExplorer] [39m[32mMapped {/api/fortunes/:id, GET} route[39m[38;5;3m +1ms[39m
[32m[Nest] 1739  - [39m02/10/2026, 6:27:34 PM [32m    LOG[39m [38;5;3m[RoutesResolver] [39m[32mCreditsController {/api/credits}:[39m[38;5;3m +0ms[39m
[32m[Nest] 1739  - [39m02/10/2026, 6:27:34 PM [32m    LOG[39m [38;5;3m[RouterExplorer] [39m[32mMapped {/api/credits/balance, GET} route[39m[38;5;3m +0ms[39m
[32m[Nest] 1739  - [39m02/10/2026, 6:27:34 PM [32m    LOG[39m [38;5;3m[RouterExplorer] [39m[32mMapped {/api/credits/packages, GET} route[39m[38;5;3m +0ms[39m
[32m[Nest] 1739  - [39m02/10/2026, 6:27:34 PM [32m    LOG[39m [38;5;3m[RouterExplorer] [39m[32mMapped {/api/credits/simulate-purchase, POST} route[39m[38;5;3m +0ms[39m
[32m[Nest] 1739  - [39m02/10/2026, 6:27:35 PM [32m    LOG[39m [38;5;3m[NestApplication] [39m[32mNest application successfully started[39m[38;5;3m +64ms[39m
[32m[Nest] 1739  - [39m02/10/2026, 6:27:35 PM [32m    LOG[39m [38;5;3m[Bootstrap] [39m[32mFalgoritma API running on port 3000[39m
