Starting Metro Bundler
Web ./index.ts ▓▓░░░░░░░░░░░░░░ 16.6% (124/304)
Web ./index.ts ▓▓▓▓▓▓▓░░░░░░░░░ 48.8% (321/461)
Web ./index.ts ▓▓▓▓▓▓▓▓▓░░░░░░░ 61.2% (574/750)
Web ./index.ts ▓▓▓▓▓▓▓▓▓▓▓░░░░░ 73.0% (716/846)
Web Bundled 16629ms index.ts (956 modules)

› Assets (12):
../../../../opt/hostedapp/node/root/react_native_expo/node_modules/@expo/vector-icons/build/vendor/react-native-vector-icons/Fonts/MaterialCommunityIcons.6e435534bd35da5fef04168860a9b8fa.ttf (1.31 MB)
../../../../opt/hostedapp/node/root/react_native_expo/node_modules/@react-navigation/elements/lib/module/assets/back-icon-mask.0a328cd9c1afd0afe8e3b1ec5165b1b4.png (653 B)
../../../../opt/hostedapp/node/root/react_native_expo/node_modules/@react-navigation/elements/lib/module/assets/back-icon.35ba0eaec5a4f5ed12ca16fabeae451d.png (207 B)
../../../../opt/hostedapp/node/root/react_native_expo/node_modules/@react-navigation/elements/lib/module/assets/clear-icon.c94f6478e7ae0cdd9f15de1fcb9e5e55.png (4 variations | 425 B)
../../../../opt/hostedapp/node/root/react_native_expo/node_modules/@react-navigation/elements/lib/module/assets/close-icon.808e1b1b9b53114ec2838071a7e6daa7.png (4 variations | 235 B)
../../../../opt/hostedapp/node/root/react_native_expo/node_modules/@react-navigation/elements/lib/module/assets/search-icon.286d67d3f74808a60a78d3ebf1a5fb57.png (928 B)

› web bundles (1):
_expo/static/js/web/index-82f53851aa75b6364aa0802ad21e6e93.js (1.76 MB)

› Files (3):
favicon.ico (14.5 kB)
index.html (1.22 kB)
metadata.json (49 B)

Exported: dist
Starting static server in /home/ubuntu/falgoritma/react_native_space/dist
Server running at http://localhost:8081
