➤ YN0000: · Yarn 4.12.0
➤ YN0000: ┌ Resolution step
➤ YN0085: │ + @nestjs/jwt@npm:11.0.2, @nestjs/passport@npm:11.0.5, @types/bcrypt@npm:6.0.0, @types/jsonwebtoken@npm:9.0.10, @types/passport-jwt@npm:4.0.1, and 35 more.
➤ YN0000: └ Completed in 0s 393ms
➤ YN0000: ┌ Post-resolution validation
➤ YN0002: │ nodejs_space@workspace:. doesn't provide webpack (p687b73), requested by ts-loader.
➤ YN0086: │ Some peer dependencies are incorrectly met by your project; run yarn explain peer-requirements <hash> for details, where <hash> is the six-letter p-prefixed code.
➤ YN0000: └ Completed
➤ YN0000: ┌ Fetch step
➤ YN0013: │ 26 packages were added to the project (+ 4.44 MiB).
➤ YN0000: └ Completed in 0s 641ms
➤ YN0000: ┌ Link step
➤ YN0000: └ Completed in 3s 955ms
➤ YN0000: · Done with warnings in 5s 96ms
Environment variables loaded from .env
Prisma schema loaded from prisma/schema.prisma

✔ Generated Prisma Client (v6.7.0) to ./../../../../opt/hostedapp/node/root/nodejs/node_modules/@prisma/client in 63ms

Start by importing your Prisma Client (See: https://pris.ly/d/importing-client)

Tip: Easily identify and fix slow SQL queries in your app. Optimize helps you enhance your visibility: https://pris.ly/--optimize

Starting server...
[2J[3J[H[[90m8:10:40 PM[0m] Starting compilation in watch mode...

[[90m8:10:42 PM[0m] Found 0 errors. Watching for file changes.

[32m[Nest] 708  - [39m02/10/2026, 8:10:43 PM [32m    LOG[39m [38;5;3m[NestFactory] [39m[32mStarting Nest application...[39m
[32m[Nest] 708  - [39m02/10/2026, 8:10:43 PM [32m    LOG[39m [38;5;3m[InstanceLoader] [39m[32mAppModule dependencies initialized[39m[38;5;3m +11ms[39m
[32m[Nest] 708  - [39m02/10/2026, 8:10:43 PM [32m    LOG[39m [38;5;3m[InstanceLoader] [39m[32mPrismaModule dependencies initialized[39m[38;5;3m +0ms[39m
[32m[Nest] 708  - [39m02/10/2026, 8:10:43 PM [32m    LOG[39m [38;5;3m[InstanceLoader] [39m[32mPassportModule dependencies initialized[39m[38;5;3m +0ms[39m
[32m[Nest] 708  - [39m02/10/2026, 8:10:43 PM [32m    LOG[39m [38;5;3m[InstanceLoader] [39m[32mConfigHostModule dependencies initialized[39m[38;5;3m +0ms[39m
[32m[Nest] 708  - [39m02/10/2026, 8:10:43 PM [32m    LOG[39m [38;5;3m[InstanceLoader] [39m[32mConfigModule dependencies initialized[39m[38;5;3m +1ms[39m
[32m[Nest] 708  - [39m02/10/2026, 8:10:43 PM [32m    LOG[39m [38;5;3m[InstanceLoader] [39m[32mConfigModule dependencies initialized[39m[38;5;3m +0ms[39m
[32m[Nest] 708  - [39m02/10/2026, 8:10:43 PM [32m    LOG[39m [38;5;3m[InstanceLoader] [39m[32mJwtModule dependencies initialized[39m[38;5;3m +1ms[39m
[32m[Nest] 708  - [39m02/10/2026, 8:10:43 PM [32m    LOG[39m [38;5;3m[InstanceLoader] [39m[32mUsersModule dependencies initialized[39m[38;5;3m +0ms[39m
[32m[Nest] 708  - [39m02/10/2026, 8:10:43 PM [32m    LOG[39m [38;5;3m[InstanceLoader] [39m[32mCreditsModule dependencies initialized[39m[38;5;3m +0ms[39m
[32m[Nest] 708  - [39m02/10/2026, 8:10:43 PM [32m    LOG[39m [38;5;3m[InstanceLoader] [39m[32mFortunesModule dependencies initialized[39m[38;5;3m +1ms[39m
[32m[Nest] 708  - [39m02/10/2026, 8:10:43 PM [32m    LOG[39m [38;5;3m[InstanceLoader] [39m[32mAuthModule dependencies initialized[39m[38;5;3m +0ms[39m
[32m[Nest] 708  - [39m02/10/2026, 8:10:43 PM [32m    LOG[39m [38;5;3m[RoutesResolver] [39m[32mAuthController {/api/auth}:[39m[38;5;3m +13ms[39m
[32m[Nest] 708  - [39m02/10/2026, 8:10:43 PM [32m    LOG[39m [38;5;3m[RouterExplorer] [39m[32mMapped {/api/auth/register, POST} route[39m[38;5;3m +1ms[39m
[32m[Nest] 708  - [39m02/10/2026, 8:10:43 PM [32m    LOG[39m [38;5;3m[RouterExplorer] [39m[32mMapped {/api/auth/login, POST} route[39m[38;5;3m +0ms[39m
[32m[Nest] 708  - [39m02/10/2026, 8:10:43 PM [32m    LOG[39m [38;5;3m[RouterExplorer] [39m[32mMapped {/api/auth/google, POST} route[39m[38;5;3m +0ms[39m
[32m[Nest] 708  - [39m02/10/2026, 8:10:43 PM [32m    LOG[39m [38;5;3m[RouterExplorer] [39m[32mMapped {/api/auth/apple, POST} route[39m[38;5;3m +1ms[39m
[32m[Nest] 708  - [39m02/10/2026, 8:10:43 PM [32m    LOG[39m [38;5;3m[RouterExplorer] [39m[32mMapped {/api/auth/me, GET} route[39m[38;5;3m +0ms[39m
[32m[Nest] 708  - [39m02/10/2026, 8:10:43 PM [32m    LOG[39m [38;5;3m[RoutesResolver] [39m[32mUsersController {/api/users}:[39m[38;5;3m +0ms[39m
[32m[Nest] 708  - [39m02/10/2026, 8:10:43 PM [32m    LOG[39m [38;5;3m[RouterExplorer] [39m[32mMapped {/api/users/onboarding, POST} route[39m[38;5;3m +0ms[39m
[32m[Nest] 708  - [39m02/10/2026, 8:10:43 PM [32m    LOG[39m [38;5;3m[RouterExplorer] [39m[32mMapped {/api/users/profile, GET} route[39m[38;5;3m +1ms[39m
[32m[Nest] 708  - [39m02/10/2026, 8:10:43 PM [32m    LOG[39m [38;5;3m[RouterExplorer] [39m[32mMapped {/api/users/profile, PATCH} route[39m[38;5;3m +0ms[39m
[32m[Nest] 708  - [39m02/10/2026, 8:10:43 PM [32m    LOG[39m [38;5;3m[RoutesResolver] [39m[32mFortunesController {/api/fortunes}:[39m[38;5;3m +0ms[39m
[32m[Nest] 708  - [39m02/10/2026, 8:10:43 PM [32m    LOG[39m [38;5;3m[RouterExplorer] [39m[32mMapped {/api/fortunes, POST} route[39m[38;5;3m +0ms[39m
[32m[Nest] 708  - [39m02/10/2026, 8:10:43 PM [32m    LOG[39m [38;5;3m[RouterExplorer] [39m[32mMapped {/api/fortunes, GET} route[39m[38;5;3m +1ms[39m
[32m[Nest] 708  - [39m02/10/2026, 8:10:43 PM [32m    LOG[39m [38;5;3m[RouterExplorer] [39m[32mMapped {/api/fortunes/:id, GET} route[39m[38;5;3m +0ms[39m
[32m[Nest] 708  - [39m02/10/2026, 8:10:43 PM [32m    LOG[39m [38;5;3m[RoutesResolver] [39m[32mCreditsController {/api/credits}:[39m[38;5;3m +0ms[39m
[32m[Nest] 708  - [39m02/10/2026, 8:10:43 PM [32m    LOG[39m [38;5;3m[RouterExplorer] [39m[32mMapped {/api/credits/balance, GET} route[39m[38;5;3m +0ms[39m
[32m[Nest] 708  - [39m02/10/2026, 8:10:43 PM [32m    LOG[39m [38;5;3m[RouterExplorer] [39m[32mMapped {/api/credits/packages, GET} route[39m[38;5;3m +0ms[39m
[32m[Nest] 708  - [39m02/10/2026, 8:10:43 PM [32m    LOG[39m [38;5;3m[RouterExplorer] [39m[32mMapped {/api/credits/simulate-purchase, POST} route[39m[38;5;3m +0ms[39m
[32m[Nest] 708  - [39m02/10/2026, 8:10:43 PM [32m    LOG[39m [38;5;3m[NestApplication] [39m[32mNest application successfully started[39m[38;5;3m +78ms[39m
[32m[Nest] 708  - [39m02/10/2026, 8:10:43 PM [32m    LOG[39m [38;5;3m[Bootstrap] [39m[32mFalgoritma API running on port 3000[39m
[2J[3J[H[[90m8:18:48 PM[0m] File change detected. Starting incremental compilation...

[[90m8:18:48 PM[0m] Found 0 errors. Watching for file changes.

[32m[Nest] 1010  - [39m02/10/2026, 8:18:48 PM [32m    LOG[39m [38;5;3m[NestFactory] [39m[32mStarting Nest application...[39m
[32m[Nest] 1010  - [39m02/10/2026, 8:18:48 PM [32m    LOG[39m [38;5;3m[InstanceLoader] [39m[32mAppModule dependencies initialized[39m[38;5;3m +10ms[39m
[32m[Nest] 1010  - [39m02/10/2026, 8:18:48 PM [32m    LOG[39m [38;5;3m[InstanceLoader] [39m[32mPrismaModule dependencies initialized[39m[38;5;3m +0ms[39m
[32m[Nest] 1010  - [39m02/10/2026, 8:18:48 PM [32m    LOG[39m [38;5;3m[InstanceLoader] [39m[32mPassportModule dependencies initialized[39m[38;5;3m +0ms[39m
[32m[Nest] 1010  - [39m02/10/2026, 8:18:48 PM [32m    LOG[39m [38;5;3m[InstanceLoader] [39m[32mConfigHostModule dependencies initialized[39m[38;5;3m +0ms[39m
[32m[Nest] 1010  - [39m02/10/2026, 8:18:48 PM [32m    LOG[39m [38;5;3m[InstanceLoader] [39m[32mConfigModule dependencies initialized[39m[38;5;3m +1ms[39m
[32m[Nest] 1010  - [39m02/10/2026, 8:18:48 PM [32m    LOG[39m [38;5;3m[InstanceLoader] [39m[32mConfigModule dependencies initialized[39m[38;5;3m +0ms[39m
[32m[Nest] 1010  - [39m02/10/2026, 8:18:48 PM [32m    LOG[39m [38;5;3m[InstanceLoader] [39m[32mJwtModule dependencies initialized[39m[38;5;3m +1ms[39m
[32m[Nest] 1010  - [39m02/10/2026, 8:18:48 PM [32m    LOG[39m [38;5;3m[InstanceLoader] [39m[32mUsersModule dependencies initialized[39m[38;5;3m +0ms[39m
[32m[Nest] 1010  - [39m02/10/2026, 8:18:48 PM [32m    LOG[39m [38;5;3m[InstanceLoader] [39m[32mCreditsModule dependencies initialized[39m[38;5;3m +0ms[39m
[32m[Nest] 1010  - [39m02/10/2026, 8:18:48 PM [32m    LOG[39m [38;5;3m[InstanceLoader] [39m[32mFortunesModule dependencies initialized[39m[38;5;3m +1ms[39m
[32m[Nest] 1010  - [39m02/10/2026, 8:18:48 PM [32m    LOG[39m [38;5;3m[InstanceLoader] [39m[32mAuthModule dependencies initialized[39m[38;5;3m +0ms[39m
[32m[Nest] 1010  - [39m02/10/2026, 8:18:48 PM [32m    LOG[39m [38;5;3m[RoutesResolver] [39m[32mAuthController {/api/auth}:[39m[38;5;3m +13ms[39m
[32m[Nest] 1010  - [39m02/10/2026, 8:18:48 PM [32m    LOG[39m [38;5;3m[RouterExplorer] [39m[32mMapped {/api/auth/register, POST} route[39m[38;5;3m +1ms[39m
[32m[Nest] 1010  - [39m02/10/2026, 8:18:48 PM [32m    LOG[39m [38;5;3m[RouterExplorer] [39m[32mMapped {/api/auth/login, POST} route[39m[38;5;3m +1ms[39m
[32m[Nest] 1010  - [39m02/10/2026, 8:18:48 PM [32m    LOG[39m [38;5;3m[RouterExplorer] [39m[32mMapped {/api/auth/google, POST} route[39m[38;5;3m +0ms[39m
[32m[Nest] 1010  - [39m02/10/2026, 8:18:48 PM [32m    LOG[39m [38;5;3m[RouterExplorer] [39m[32mMapped {/api/auth/apple, POST} route[39m[38;5;3m +0ms[39m
[32m[Nest] 1010  - [39m02/10/2026, 8:18:48 PM [32m    LOG[39m [38;5;3m[RouterExplorer] [39m[32mMapped {/api/auth/me, GET} route[39m[38;5;3m +0ms[39m
[32m[Nest] 1010  - [39m02/10/2026, 8:18:48 PM [32m    LOG[39m [38;5;3m[RoutesResolver] [39m[32mUsersController {/api/users}:[39m[38;5;3m +1ms[39m
[32m[Nest] 1010  - [39m02/10/2026, 8:18:48 PM [32m    LOG[39m [38;5;3m[RouterExplorer] [39m[32mMapped {/api/users/onboarding, POST} route[39m[38;5;3m +0ms[39m
[32m[Nest] 1010  - [39m02/10/2026, 8:18:48 PM [32m    LOG[39m [38;5;3m[RouterExplorer] [39m[32mMapped {/api/users/profile, GET} route[39m[38;5;3m +0ms[39m
[32m[Nest] 1010  - [39m02/10/2026, 8:18:48 PM [32m    LOG[39m [38;5;3m[RouterExplorer] [39m[32mMapped {/api/users/profile, PATCH} route[39m[38;5;3m +0ms[39m
[32m[Nest] 1010  - [39m02/10/2026, 8:18:48 PM [32m    LOG[39m [38;5;3m[RoutesResolver] [39m[32mFortunesController {/api/fortunes}:[39m[38;5;3m +0ms[39m
[32m[Nest] 1010  - [39m02/10/2026, 8:18:48 PM [32m    LOG[39m [38;5;3m[RouterExplorer] [39m[32mMapped {/api/fortunes, POST} route[39m[38;5;3m +0ms[39m
[32m[Nest] 1010  - [39m02/10/2026, 8:18:48 PM [32m    LOG[39m [38;5;3m[RouterExplorer] [39m[32mMapped {/api/fortunes, GET} route[39m[38;5;3m +1ms[39m
[32m[Nest] 1010  - [39m02/10/2026, 8:18:48 PM [32m    LOG[39m [38;5;3m[RouterExplorer] [39m[32mMapped {/api/fortunes/:id, GET} route[39m[38;5;3m +0ms[39m
[32m[Nest] 1010  - [39m02/10/2026, 8:18:48 PM [32m    LOG[39m [38;5;3m[RoutesResolver] [39m[32mCreditsController {/api/credits}:[39m[38;5;3m +0ms[39m
[32m[Nest] 1010  - [39m02/10/2026, 8:18:48 PM [32m    LOG[39m [38;5;3m[RouterExplorer] [39m[32mMapped {/api/credits/balance, GET} route[39m[38;5;3m +0ms[39m
[32m[Nest] 1010  - [39m02/10/2026, 8:18:48 PM [32m    LOG[39m [38;5;3m[RouterExplorer] [39m[32mMapped {/api/credits/packages, GET} route[39m[38;5;3m +0ms[39m
[32m[Nest] 1010  - [39m02/10/2026, 8:18:48 PM [32m    LOG[39m [38;5;3m[RouterExplorer] [39m[32mMapped {/api/credits/simulate-purchase, POST} route[39m[38;5;3m +0ms[39m
[32m[Nest] 1010  - [39m02/10/2026, 8:18:49 PM [32m    LOG[39m [38;5;3m[NestApplication] [39m[32mNest application successfully started[39m[38;5;3m +61ms[39m
[32m[Nest] 1010  - [39m02/10/2026, 8:18:49 PM [32m    LOG[39m [38;5;3m[Bootstrap] [39m[32mFalgoritma API running on port 3000[39m
[2J[3J[H[[90m8:19:24 PM[0m] File change detected. Starting incremental compilation...

[[90m8:19:24 PM[0m] Found 0 errors. Watching for file changes.

[32m[Nest] 1058  - [39m02/10/2026, 8:19:24 PM [32m    LOG[39m [38;5;3m[NestFactory] [39m[32mStarting Nest application...[39m
[32m[Nest] 1058  - [39m02/10/2026, 8:19:24 PM [32m    LOG[39m [38;5;3m[InstanceLoader] [39m[32mAppModule dependencies initialized[39m[38;5;3m +10ms[39m
[32m[Nest] 1058  - [39m02/10/2026, 8:19:24 PM [32m    LOG[39m [38;5;3m[InstanceLoader] [39m[32mPrismaModule dependencies initialized[39m[38;5;3m +0ms[39m
[32m[Nest] 1058  - [39m02/10/2026, 8:19:24 PM [32m    LOG[39m [38;5;3m[InstanceLoader] [39m[32mPassportModule dependencies initialized[39m[38;5;3m +0ms[39m
[32m[Nest] 1058  - [39m02/10/2026, 8:19:24 PM [32m    LOG[39m [38;5;3m[InstanceLoader] [39m[32mConfigHostModule dependencies initialized[39m[38;5;3m +0ms[39m
[32m[Nest] 1058  - [39m02/10/2026, 8:19:24 PM [32m    LOG[39m [38;5;3m[InstanceLoader] [39m[32mConfigModule dependencies initialized[39m[38;5;3m +1ms[39m
[32m[Nest] 1058  - [39m02/10/2026, 8:19:24 PM [32m    LOG[39m [38;5;3m[InstanceLoader] [39m[32mConfigModule dependencies initialized[39m[38;5;3m +0ms[39m
[32m[Nest] 1058  - [39m02/10/2026, 8:19:24 PM [32m    LOG[39m [38;5;3m[InstanceLoader] [39m[32mJwtModule dependencies initialized[39m[38;5;3m +1ms[39m
[32m[Nest] 1058  - [39m02/10/2026, 8:19:24 PM [32m    LOG[39m [38;5;3m[InstanceLoader] [39m[32mUsersModule dependencies initialized[39m[38;5;3m +0ms[39m
[32m[Nest] 1058  - [39m02/10/2026, 8:19:24 PM [32m    LOG[39m [38;5;3m[InstanceLoader] [39m[32mCreditsModule dependencies initialized[39m[38;5;3m +1ms[39m
[32m[Nest] 1058  - [39m02/10/2026, 8:19:24 PM [32m    LOG[39m [38;5;3m[InstanceLoader] [39m[32mFortunesModule dependencies initialized[39m[38;5;3m +0ms[39m
[32m[Nest] 1058  - [39m02/10/2026, 8:19:24 PM [32m    LOG[39m [38;5;3m[InstanceLoader] [39m[32mAuthModule dependencies initialized[39m[38;5;3m +0ms[39m
[32m[Nest] 1058  - [39m02/10/2026, 8:19:24 PM [32m    LOG[39m [38;5;3m[RoutesResolver] [39m[32mAuthController {/api/auth}:[39m[38;5;3m +12ms[39m
[32m[Nest] 1058  - [39m02/10/2026, 8:19:24 PM [32m    LOG[39m [38;5;3m[RouterExplorer] [39m[32mMapped {/api/auth/register, POST} route[39m[38;5;3m +2ms[39m
[32m[Nest] 1058  - [39m02/10/2026, 8:19:24 PM [32m    LOG[39m [38;5;3m[RouterExplorer] [39m[32mMapped {/api/auth/login, POST} route[39m[38;5;3m +0ms[39m
[32m[Nest] 1058  - [39m02/10/2026, 8:19:24 PM [32m    LOG[39m [38;5;3m[RouterExplorer] [39m[32mMapped {/api/auth/google, POST} route[39m[38;5;3m +0ms[39m
[32m[Nest] 1058  - [39m02/10/2026, 8:19:24 PM [32m    LOG[39m [38;5;3m[RouterExplorer] [39m[32mMapped {/api/auth/apple, POST} route[39m[38;5;3m +0ms[39m
[32m[Nest] 1058  - [39m02/10/2026, 8:19:24 PM [32m    LOG[39m [38;5;3m[RouterExplorer] [39m[32mMapped {/api/auth/me, GET} route[39m[38;5;3m +1ms[39m
[32m[Nest] 1058  - [39m02/10/2026, 8:19:24 PM [32m    LOG[39m [38;5;3m[RoutesResolver] [39m[32mUsersController {/api/users}:[39m[38;5;3m +0ms[39m
[32m[Nest] 1058  - [39m02/10/2026, 8:19:24 PM [32m    LOG[39m [38;5;3m[RouterExplorer] [39m[32mMapped {/api/users/onboarding, POST} route[39m[38;5;3m +0ms[39m
[32m[Nest] 1058  - [39m02/10/2026, 8:19:24 PM [32m    LOG[39m [38;5;3m[RouterExplorer] [39m[32mMapped {/api/users/profile, GET} route[39m[38;5;3m +0ms[39m
[32m[Nest] 1058  - [39m02/10/2026, 8:19:24 PM [32m    LOG[39m [38;5;3m[RouterExplorer] [39m[32mMapped {/api/users/profile, PATCH} route[39m[38;5;3m +0ms[39m
[32m[Nest] 1058  - [39m02/10/2026, 8:19:24 PM [32m    LOG[39m [38;5;3m[RoutesResolver] [39m[32mFortunesController {/api/fortunes}:[39m[38;5;3m +0ms[39m
[32m[Nest] 1058  - [39m02/10/2026, 8:19:24 PM [32m    LOG[39m [38;5;3m[RouterExplorer] [39m[32mMapped {/api/fortunes, POST} route[39m[38;5;3m +0ms[39m
[32m[Nest] 1058  - [39m02/10/2026, 8:19:24 PM [32m    LOG[39m [38;5;3m[RouterExplorer] [39m[32mMapped {/api/fortunes, GET} route[39m[38;5;3m +1ms[39m
[32m[Nest] 1058  - [39m02/10/2026, 8:19:24 PM [32m    LOG[39m [38;5;3m[RouterExplorer] [39m[32mMapped {/api/fortunes/:id, GET} route[39m[38;5;3m +0ms[39m
[32m[Nest] 1058  - [39m02/10/2026, 8:19:24 PM [32m    LOG[39m [38;5;3m[RoutesResolver] [39m[32mCreditsController {/api/credits}:[39m[38;5;3m +0ms[39m
[32m[Nest] 1058  - [39m02/10/2026, 8:19:24 PM [32m    LOG[39m [38;5;3m[RouterExplorer] [39m[32mMapped {/api/credits/balance, GET} route[39m[38;5;3m +0ms[39m
[32m[Nest] 1058  - [39m02/10/2026, 8:19:24 PM [32m    LOG[39m [38;5;3m[RouterExplorer] [39m[32mMapped {/api/credits/packages, GET} route[39m[38;5;3m +0ms[39m
[32m[Nest] 1058  - [39m02/10/2026, 8:19:24 PM [32m    LOG[39m [38;5;3m[RouterExplorer] [39m[32mMapped {/api/credits/simulate-purchase, POST} route[39m[38;5;3m +0ms[39m
[32m[Nest] 1058  - [39m02/10/2026, 8:19:24 PM [32m    LOG[39m [38;5;3m[NestApplication] [39m[32mNest application successfully started[39m[38;5;3m +54ms[39m
[32m[Nest] 1058  - [39m02/10/2026, 8:19:24 PM [32m    LOG[39m [38;5;3m[Bootstrap] [39m[32mFalgoritma API running on port 3000[39m
[2J[3J[H[[90m8:19:51 PM[0m] File change detected. Starting incremental compilation...

[96msrc/subscriptions/subscriptions.controller.ts[0m:[93m24[0m:[93m19[0m - [91merror[0m[90m TS7006: [0mParameter 'req' implicitly has an 'any' type.

[7m24[0m   async subscribe(@Request() req, @Body() dto: CreateSubscriptionDto) {
[7m  [0m [91m                  ~~~~~~~~~~~~~~[0m

[96msrc/subscriptions/subscriptions.controller.ts[0m:[93m33[0m:[93m19[0m - [91merror[0m[90m TS7006: [0mParameter 'req' implicitly has an 'any' type.

[7m33[0m   async getStatus(@Request() req) {
[7m  [0m [91m                  ~~~~~~~~~~~~~~[0m

[96msrc/subscriptions/subscriptions.controller.ts[0m:[93m42[0m:[93m16[0m - [91merror[0m[90m TS7006: [0mParameter 'req' implicitly has an 'any' type.

[7m42[0m   async cancel(@Request() req) {
[7m  [0m [91m               ~~~~~~~~~~~~~~[0m

[96msrc/subscriptions/subscriptions.service.ts[0m:[93m67[0m:[93m19[0m - [91merror[0m[90m TS2339: [0mProperty 'subscription' does not exist on type 'PrismaService'.

[7m67[0m       this.prisma.subscription.create({
[7m  [0m [91m                  ~~~~~~~~~~~~[0m

[96msrc/subscriptions/subscriptions.service.ts[0m:[93m79[0m:[93m11[0m - [91merror[0m[90m TS2353: [0mObject literal may only specify known properties, and 'isPremium' does not exist in type '(Without<userUpdateInput, userUncheckedUpdateInput> & userUncheckedUpdateInput) | (Without<...> & userUpdateInput)'.

[7m79[0m           isPremium: true,
[7m  [0m [91m          ~~~~~~~~~[0m

  [96m../../../../opt/hostedapp/node/root/nodejs/node_modules/.prisma/client/index.d.ts[0m:[93m2041[0m:[93m5[0m
    [7m2041[0m     data: XOR<userUpdateInput, userUncheckedUpdateInput>
    [7m    [0m [96m    ~~~~[0m
    The expected type comes from property 'data' which is declared here on type '{ select?: userSelect<DefaultArgs> | null | undefined; omit?: userOmit<DefaultArgs> | null | undefined; include?: userInclude<DefaultArgs> | null | undefined; data: (Without<...> & userUncheckedUpdateInput) | (Without<...> & userUpdateInput); where: userWhereUniqueInput; }'

[96msrc/subscriptions/subscriptions.service.ts[0m:[93m95[0m:[93m44[0m - [91merror[0m[90m TS2339: [0mProperty 'subscription' does not exist on type 'PrismaService'.

[7m95[0m     const subscription = await this.prisma.subscription.findFirst({
[7m  [0m [91m                                           ~~~~~~~~~~~~[0m

[96msrc/subscriptions/subscriptions.service.ts[0m:[93m115[0m:[93m19[0m - [91merror[0m[90m TS2339: [0mProperty 'subscription' does not exist on type 'PrismaService'.

[7m115[0m       this.prisma.subscription.update({
[7m   [0m [91m                  ~~~~~~~~~~~~[0m

[96msrc/subscriptions/subscriptions.service.ts[0m:[93m122[0m:[93m11[0m - [91merror[0m[90m TS2353: [0mObject literal may only specify known properties, and 'isPremium' does not exist in type '(Without<userUpdateInput, userUncheckedUpdateInput> & userUncheckedUpdateInput) | (Without<...> & userUpdateInput)'.

[7m122[0m           isPremium: false,
[7m   [0m [91m          ~~~~~~~~~[0m

  [96m../../../../opt/hostedapp/node/root/nodejs/node_modules/.prisma/client/index.d.ts[0m:[93m2041[0m:[93m5[0m
    [7m2041[0m     data: XOR<userUpdateInput, userUncheckedUpdateInput>
    [7m    [0m [96m    ~~~~[0m
    The expected type comes from property 'data' which is declared here on type '{ select?: userSelect<DefaultArgs> | null | undefined; omit?: userOmit<DefaultArgs> | null | undefined; include?: userInclude<DefaultArgs> | null | undefined; data: (Without<...> & userUncheckedUpdateInput) | (Without<...> & userUpdateInput); where: userWhereUniqueInput; }'

[96msrc/subscriptions/subscriptions.service.ts[0m:[93m137[0m:[93m9[0m - [91merror[0m[90m TS2353: [0mObject literal may only specify known properties, and 'isPremium' does not exist in type 'userSelect<DefaultArgs>'.

[7m137[0m         isPremium: true,
[7m   [0m [91m        ~~~~~~~~~[0m

  [96m../../../../opt/hostedapp/node/root/nodejs/node_modules/.prisma/client/index.d.ts[0m:[93m1782[0m:[93m5[0m
    [7m1782[0m     select?: userSelect<ExtArgs> | null
    [7m    [0m [96m    ~~~~~~[0m
    The expected type comes from property 'select' which is declared here on type '{ select?: userSelect<DefaultArgs> | null | undefined; omit?: userOmit<DefaultArgs> | null | undefined; include?: userInclude<DefaultArgs> | null | undefined; where: userWhereUniqueInput; }'

[96msrc/subscriptions/subscriptions.service.ts[0m:[93m146[0m:[93m24[0m - [91merror[0m[90m TS2339: [0mProperty 'isPremium' does not exist on type '{ id: string; credits: number; email: string; passwordHash: string; googleId: string | null; appleId: string | null; fullName: string | null; birthDate: Date | null; relationshipStatus: string | null; profession: string | null; onboardingCompleted: boolean; createdAt: Date; updatedAt: Date; }'.

[7m146[0m       isPremium: user?.isPremium ?? false,
[7m   [0m [91m                       ~~~~~~~~~[0m

[96msrc/subscriptions/subscriptions.service.ts[0m:[93m147[0m:[93m31[0m - [91merror[0m[90m TS2339: [0mProperty 'premiumExpiresAt' does not exist on type '{ id: string; credits: number; email: string; passwordHash: string; googleId: string | null; appleId: string | null; fullName: string | null; birthDate: Date | null; relationshipStatus: string | null; profession: string | null; onboardingCompleted: boolean; createdAt: Date; updatedAt: Date; }'.

[7m147[0m       premiumExpiresAt: user?.premiumExpiresAt,
[7m   [0m [91m                              ~~~~~~~~~~~~~~~~[0m

[[90m8:19:51 PM[0m] Found 11 errors. Watching for file changes.

[2J[3J[H[[90m8:20:03 PM[0m] File change detected. Starting incremental compilation...

[96msrc/subscriptions/subscriptions.controller.ts[0m:[93m24[0m:[93m19[0m - [91merror[0m[90m TS7006: [0mParameter 'req' implicitly has an 'any' type.

[7m24[0m   async subscribe(@Request() req, @Body() dto: CreateSubscriptionDto) {
[7m  [0m [91m                  ~~~~~~~~~~~~~~[0m

[96msrc/subscriptions/subscriptions.controller.ts[0m:[93m33[0m:[93m19[0m - [91merror[0m[90m TS7006: [0mParameter 'req' implicitly has an 'any' type.

[7m33[0m   async getStatus(@Request() req) {
[7m  [0m [91m                  ~~~~~~~~~~~~~~[0m

[96msrc/subscriptions/subscriptions.controller.ts[0m:[93m42[0m:[93m16[0m - [91merror[0m[90m TS7006: [0mParameter 'req' implicitly has an 'any' type.

[7m42[0m   async cancel(@Request() req) {
[7m  [0m [91m               ~~~~~~~~~~~~~~[0m

[96msrc/subscriptions/subscriptions.service.ts[0m:[93m67[0m:[93m19[0m - [91merror[0m[90m TS2339: [0mProperty 'subscription' does not exist on type 'PrismaService'.

[7m67[0m       this.prisma.subscription.create({
[7m  [0m [91m                  ~~~~~~~~~~~~[0m

[96msrc/subscriptions/subscriptions.service.ts[0m:[93m79[0m:[93m11[0m - [91merror[0m[90m TS2353: [0mObject literal may only specify known properties, and 'isPremium' does not exist in type '(Without<userUpdateInput, userUncheckedUpdateInput> & userUncheckedUpdateInput) | (Without<...> & userUpdateInput)'.

[7m79[0m           isPremium: true,
[7m  [0m [91m          ~~~~~~~~~[0m

  [96m../../../../opt/hostedapp/node/root/nodejs/node_modules/.prisma/client/index.d.ts[0m:[93m2041[0m:[93m5[0m
    [7m2041[0m     data: XOR<userUpdateInput, userUncheckedUpdateInput>
    [7m    [0m [96m    ~~~~[0m
    The expected type comes from property 'data' which is declared here on type '{ select?: userSelect<DefaultArgs> | null | undefined; omit?: userOmit<DefaultArgs> | null | undefined; include?: userInclude<DefaultArgs> | null | undefined; data: (Without<...> & userUncheckedUpdateInput) | (Without<...> & userUpdateInput); where: userWhereUniqueInput; }'

[96msrc/subscriptions/subscriptions.service.ts[0m:[93m95[0m:[93m44[0m - [91merror[0m[90m TS2339: [0mProperty 'subscription' does not exist on type 'PrismaService'.

[7m95[0m     const subscription = await this.prisma.subscription.findFirst({
[7m  [0m [91m                                           ~~~~~~~~~~~~[0m

[96msrc/subscriptions/subscriptions.service.ts[0m:[93m115[0m:[93m19[0m - [91merror[0m[90m TS2339: [0mProperty 'subscription' does not exist on type 'PrismaService'.

[7m115[0m       this.prisma.subscription.update({
[7m   [0m [91m                  ~~~~~~~~~~~~[0m

[96msrc/subscriptions/subscriptions.service.ts[0m:[93m122[0m:[93m11[0m - [91merror[0m[90m TS2353: [0mObject literal may only specify known properties, and 'isPremium' does not exist in type '(Without<userUpdateInput, userUncheckedUpdateInput> & userUncheckedUpdateInput) | (Without<...> & userUpdateInput)'.

[7m122[0m           isPremium: false,
[7m   [0m [91m          ~~~~~~~~~[0m

  [96m../../../../opt/hostedapp/node/root/nodejs/node_modules/.prisma/client/index.d.ts[0m:[93m2041[0m:[93m5[0m
    [7m2041[0m     data: XOR<userUpdateInput, userUncheckedUpdateInput>
    [7m    [0m [96m    ~~~~[0m
    The expected type comes from property 'data' which is declared here on type '{ select?: userSelect<DefaultArgs> | null | undefined; omit?: userOmit<DefaultArgs> | null | undefined; include?: userInclude<DefaultArgs> | null | undefined; data: (Without<...> & userUncheckedUpdateInput) | (Without<...> & userUpdateInput); where: userWhereUniqueInput; }'

[96msrc/subscriptions/subscriptions.service.ts[0m:[93m137[0m:[93m9[0m - [91merror[0m[90m TS2353: [0mObject literal may only specify known properties, and 'isPremium' does not exist in type 'userSelect<DefaultArgs>'.

[7m137[0m         isPremium: true,
[7m   [0m [91m        ~~~~~~~~~[0m

  [96m../../../../opt/hostedapp/node/root/nodejs/node_modules/.prisma/client/index.d.ts[0m:[93m1782[0m:[93m5[0m
    [7m1782[0m     select?: userSelect<ExtArgs> | null
    [7m    [0m [96m    ~~~~~~[0m
    The expected type comes from property 'select' which is declared here on type '{ select?: userSelect<DefaultArgs> | null | undefined; omit?: userOmit<DefaultArgs> | null | undefined; include?: userInclude<DefaultArgs> | null | undefined; where: userWhereUniqueInput; }'

[96msrc/subscriptions/subscriptions.service.ts[0m:[93m146[0m:[93m24[0m - [91merror[0m[90m TS2339: [0mProperty 'isPremium' does not exist on type '{ id: string; credits: number; email: string; passwordHash: string; googleId: string | null; appleId: string | null; fullName: string | null; birthDate: Date | null; relationshipStatus: string | null; profession: string | null; onboardingCompleted: boolean; createdAt: Date; updatedAt: Date; }'.

[7m146[0m       isPremium: user?.isPremium ?? false,
[7m   [0m [91m                       ~~~~~~~~~[0m

[96msrc/subscriptions/subscriptions.service.ts[0m:[93m147[0m:[93m31[0m - [91merror[0m[90m TS2339: [0mProperty 'premiumExpiresAt' does not exist on type '{ id: string; credits: number; email: string; passwordHash: string; googleId: string | null; appleId: string | null; fullName: string | null; birthDate: Date | null; relationshipStatus: string | null; profession: string | null; onboardingCompleted: boolean; createdAt: Date; updatedAt: Date; }'.

[7m147[0m       premiumExpiresAt: user?.premiumExpiresAt,
[7m   [0m [91m                              ~~~~~~~~~~~~~~~~[0m

[[90m8:20:03 PM[0m] Found 11 errors. Watching for file changes.

[2J[3J[H[[90m8:21:47 PM[0m] File change detected. Starting incremental compilation...

[96msrc/subscriptions/subscriptions.controller.ts[0m:[93m24[0m:[93m19[0m - [91merror[0m[90m TS7006: [0mParameter 'req' implicitly has an 'any' type.

[7m24[0m   async subscribe(@Request() req, @Body() dto: CreateSubscriptionDto) {
[7m  [0m [91m                  ~~~~~~~~~~~~~~[0m

[96msrc/subscriptions/subscriptions.controller.ts[0m:[93m33[0m:[93m19[0m - [91merror[0m[90m TS7006: [0mParameter 'req' implicitly has an 'any' type.

[7m33[0m   async getStatus(@Request() req) {
[7m  [0m [91m                  ~~~~~~~~~~~~~~[0m

[96msrc/subscriptions/subscriptions.controller.ts[0m:[93m42[0m:[93m16[0m - [91merror[0m[90m TS7006: [0mParameter 'req' implicitly has an 'any' type.

[7m42[0m   async cancel(@Request() req) {
[7m  [0m [91m               ~~~~~~~~~~~~~~[0m

[[90m8:21:47 PM[0m] Found 3 errors. Watching for file changes.

[2J[3J[H[[90m8:22:49 PM[0m] File change detected. Starting incremental compilation...

[[90m8:22:49 PM[0m] Found 0 errors. Watching for file changes.

[32m[Nest] 1785  - [39m02/10/2026, 8:22:49 PM [32m    LOG[39m [38;5;3m[NestFactory] [39m[32mStarting Nest application...[39m
[32m[Nest] 1785  - [39m02/10/2026, 8:22:49 PM [32m    LOG[39m [38;5;3m[InstanceLoader] [39m[32mAppModule dependencies initialized[39m[38;5;3m +10ms[39m
[32m[Nest] 1785  - [39m02/10/2026, 8:22:49 PM [32m    LOG[39m [38;5;3m[InstanceLoader] [39m[32mPrismaModule dependencies initialized[39m[38;5;3m +0ms[39m
[32m[Nest] 1785  - [39m02/10/2026, 8:22:49 PM [32m    LOG[39m [38;5;3m[InstanceLoader] [39m[32mPassportModule dependencies initialized[39m[38;5;3m +0ms[39m
[32m[Nest] 1785  - [39m02/10/2026, 8:22:49 PM [32m    LOG[39m [38;5;3m[InstanceLoader] [39m[32mConfigHostModule dependencies initialized[39m[38;5;3m +0ms[39m
[32m[Nest] 1785  - [39m02/10/2026, 8:22:49 PM [32m    LOG[39m [38;5;3m[InstanceLoader] [39m[32mConfigModule dependencies initialized[39m[38;5;3m +1ms[39m
[32m[Nest] 1785  - [39m02/10/2026, 8:22:49 PM [32m    LOG[39m [38;5;3m[InstanceLoader] [39m[32mConfigModule dependencies initialized[39m[38;5;3m +0ms[39m
[32m[Nest] 1785  - [39m02/10/2026, 8:22:49 PM [32m    LOG[39m [38;5;3m[InstanceLoader] [39m[32mJwtModule dependencies initialized[39m[38;5;3m +1ms[39m
[32m[Nest] 1785  - [39m02/10/2026, 8:22:49 PM [32m    LOG[39m [38;5;3m[InstanceLoader] [39m[32mSubscriptionsModule dependencies initialized[39m[38;5;3m +0ms[39m
[32m[Nest] 1785  - [39m02/10/2026, 8:22:49 PM [32m    LOG[39m [38;5;3m[InstanceLoader] [39m[32mUsersModule dependencies initialized[39m[38;5;3m +0ms[39m
[32m[Nest] 1785  - [39m02/10/2026, 8:22:49 PM [32m    LOG[39m [38;5;3m[InstanceLoader] [39m[32mCreditsModule dependencies initialized[39m[38;5;3m +0ms[39m
[32m[Nest] 1785  - [39m02/10/2026, 8:22:49 PM [32m    LOG[39m [38;5;3m[InstanceLoader] [39m[32mFortunesModule dependencies initialized[39m[38;5;3m +1ms[39m
[32m[Nest] 1785  - [39m02/10/2026, 8:22:49 PM [32m    LOG[39m [38;5;3m[InstanceLoader] [39m[32mAuthModule dependencies initialized[39m[38;5;3m +0ms[39m
[32m[Nest] 1785  - [39m02/10/2026, 8:22:49 PM [32m    LOG[39m [38;5;3m[RoutesResolver] [39m[32mAuthController {/api/auth}:[39m[38;5;3m +14ms[39m
[32m[Nest] 1785  - [39m02/10/2026, 8:22:49 PM [32m    LOG[39m [38;5;3m[RouterExplorer] [39m[32mMapped {/api/auth/register, POST} route[39m[38;5;3m +2ms[39m
[32m[Nest] 1785  - [39m02/10/2026, 8:22:49 PM [32m    LOG[39m [38;5;3m[RouterExplorer] [39m[32mMapped {/api/auth/login, POST} route[39m[38;5;3m +0ms[39m
[32m[Nest] 1785  - [39m02/10/2026, 8:22:49 PM [32m    LOG[39m [38;5;3m[RouterExplorer] [39m[32mMapped {/api/auth/google, POST} route[39m[38;5;3m +1ms[39m
[32m[Nest] 1785  - [39m02/10/2026, 8:22:49 PM [32m    LOG[39m [38;5;3m[RouterExplorer] [39m[32mMapped {/api/auth/apple, POST} route[39m[38;5;3m +0ms[39m
[32m[Nest] 1785  - [39m02/10/2026, 8:22:49 PM [32m    LOG[39m [38;5;3m[RouterExplorer] [39m[32mMapped {/api/auth/me, GET} route[39m[38;5;3m +0ms[39m
[32m[Nest] 1785  - [39m02/10/2026, 8:22:49 PM [32m    LOG[39m [38;5;3m[RoutesResolver] [39m[32mUsersController {/api/users}:[39m[38;5;3m +0ms[39m
[32m[Nest] 1785  - [39m02/10/2026, 8:22:49 PM [32m    LOG[39m [38;5;3m[RouterExplorer] [39m[32mMapped {/api/users/onboarding, POST} route[39m[38;5;3m +0ms[39m
[32m[Nest] 1785  - [39m02/10/2026, 8:22:49 PM [32m    LOG[39m [38;5;3m[RouterExplorer] [39m[32mMapped {/api/users/profile, GET} route[39m[38;5;3m +1ms[39m
[32m[Nest] 1785  - [39m02/10/2026, 8:22:49 PM [32m    LOG[39m [38;5;3m[RouterExplorer] [39m[32mMapped {/api/users/profile, PATCH} route[39m[38;5;3m +0ms[39m
[32m[Nest] 1785  - [39m02/10/2026, 8:22:49 PM [32m    LOG[39m [38;5;3m[RoutesResolver] [39m[32mFortunesController {/api/fortunes}:[39m[38;5;3m +0ms[39m
[32m[Nest] 1785  - [39m02/10/2026, 8:22:49 PM [32m    LOG[39m [38;5;3m[RouterExplorer] [39m[32mMapped {/api/fortunes, POST} route[39m[38;5;3m +0ms[39m
[32m[Nest] 1785  - [39m02/10/2026, 8:22:49 PM [32m    LOG[39m [38;5;3m[RouterExplorer] [39m[32mMapped {/api/fortunes, GET} route[39m[38;5;3m +0ms[39m
[32m[Nest] 1785  - [39m02/10/2026, 8:22:49 PM [32m    LOG[39m [38;5;3m[RouterExplorer] [39m[32mMapped {/api/fortunes/:id, GET} route[39m[38;5;3m +1ms[39m
[32m[Nest] 1785  - [39m02/10/2026, 8:22:49 PM [32m    LOG[39m [38;5;3m[RoutesResolver] [39m[32mCreditsController {/api/credits}:[39m[38;5;3m +0ms[39m
[32m[Nest] 1785  - [39m02/10/2026, 8:22:49 PM [32m    LOG[39m [38;5;3m[RouterExplorer] [39m[32mMapped {/api/credits/balance, GET} route[39m[38;5;3m +0ms[39m
[32m[Nest] 1785  - [39m02/10/2026, 8:22:49 PM [32m    LOG[39m [38;5;3m[RouterExplorer] [39m[32mMapped {/api/credits/packages, GET} route[39m[38;5;3m +0ms[39m
[32m[Nest] 1785  - [39m02/10/2026, 8:22:49 PM [32m    LOG[39m [38;5;3m[RouterExplorer] [39m[32mMapped {/api/credits/simulate-purchase, POST} route[39m[38;5;3m +0ms[39m
[32m[Nest] 1785  - [39m02/10/2026, 8:22:49 PM [32m    LOG[39m [38;5;3m[RoutesResolver] [39m[32mSubscriptionsController {/api/subscriptions}:[39m[38;5;3m +0ms[39m
[32m[Nest] 1785  - [39m02/10/2026, 8:22:49 PM [32m    LOG[39m [38;5;3m[RouterExplorer] [39m[32mMapped {/api/subscriptions/plans, GET} route[39m[38;5;3m +0ms[39m
[32m[Nest] 1785  - [39m02/10/2026, 8:22:49 PM [32m    LOG[39m [38;5;3m[RouterExplorer] [39m[32mMapped {/api/subscriptions/subscribe, POST} route[39m[38;5;3m +0ms[39m
[32m[Nest] 1785  - [39m02/10/2026, 8:22:49 PM [32m    LOG[39m [38;5;3m[RouterExplorer] [39m[32mMapped {/api/subscriptions/status, GET} route[39m[38;5;3m +0ms[39m
[32m[Nest] 1785  - [39m02/10/2026, 8:22:49 PM [32m    LOG[39m [38;5;3m[RouterExplorer] [39m[32mMapped {/api/subscriptions/cancel, POST} route[39m[38;5;3m +0ms[39m
[32m[Nest] 1785  - [39m02/10/2026, 8:22:49 PM [32m    LOG[39m [38;5;3m[NestApplication] [39m[32mNest application successfully started[39m[38;5;3m +57ms[39m
[32m[Nest] 1785  - [39m02/10/2026, 8:22:49 PM [32m    LOG[39m [38;5;3m[Bootstrap] [39m[32mFalgoritma API running on port 3000[39m
